
> backend@1.0.0 dev
> ts-node-dev --respawn src/dev-server.ts

[INFO] 17:03:52 ts-node-dev ver. 2.0.0 (using ts-node ver. 10.9.2, typescript ver. 5.9.3)
[dotenv@17.3.1] injecting env (0) from .env -- tip: ⚙️  suppress all logs with { quiet: true }
Development Server running on http://localhost:3000
Local Storage served at http://localhost:3000/files/
ResourceNotFoundException: Requested resource not found
    at AwsJson1_0Protocol.handleError (/Users/ee/Documents/MediaConverterApp/backend/node_modules/@aws-sdk/core/dist-cjs/submodules/protocols/index.js:773:27)
    at processTicksAndRejections (node:internal/process/task_queues:105:5)
    at AwsJson1_0Protocol.deserializeResponse (/Users/ee/Documents/MediaConverterApp/backend/node_modules/@smithy/core/dist-cjs/submodules/protocols/index.js:508:13)
    at /Users/ee/Documents/MediaConverterApp/backend/node_modules/@smithy/core/dist-cjs/submodules/schema/index.js:26:24
    at /Users/ee/Documents/MediaConverterApp/backend/node_modules/@aws-sdk/lib-dynamodb/dist-cjs/index.js:107:34
    at /Users/ee/Documents/MediaConverterApp/backend/node_modules/@smithy/core/dist-cjs/index.js:121:20
    at /Users/ee/Documents/MediaConverterApp/backend/node_modules/@smithy/middleware-retry/dist-cjs/index.js:254:46
    at /Users/ee/Documents/MediaConverterApp/backend/node_modules/@aws-sdk/middleware-logger/dist-cjs/index.js:5:26
    at handler (/Users/ee/Documents/MediaConverterApp/backend/src/functions/convert/index.ts:42:17)
    at /Users/ee/Documents/MediaConverterApp/backend/src/dev-server.ts:54:22 {
  '$fault': 'client',
  '$retryable': undefined,
  '$metadata': {
    httpStatusCode: 400,
    requestId: 'MLFCKCAF1BB2S0DK2QQTPMM5ONVV4KQNSO5AEMVJF66Q9ASUAAJG',
    extendedRequestId: undefined,
    cfId: undefined,
    attempts: 1,
    totalRetryDelay: 0
  },
  __type: 'com.amazonaws.dynamodb.v20120810#ResourceNotFoundException'
}
[INFO] 17:05:31 Restarting: /Users/ee/Documents/MediaConverterApp/backend/src/functions/convert/index.ts has been modified
[dotenv@17.3.1] injecting env (0) from .env -- tip: ⚙️  load multiple .env files with { path: ['.env.local', '.env'] }
Development Server running on http://localhost:3000
Local Storage served at http://localhost:3000/files/
ResourceNotFoundException: Requested resource not found
    at AwsJson1_0Protocol.handleError (/Users/ee/Documents/MediaConverterApp/backend/node_modules/@aws-sdk/core/dist-cjs/submodules/protocols/index.js:773:27)
    at processTicksAndRejections (node:internal/process/task_queues:105:5)
    at AwsJson1_0Protocol.deserializeResponse (/Users/ee/Documents/MediaConverterApp/backend/node_modules/@smithy/core/dist-cjs/submodules/protocols/index.js:508:13)
    at /Users/ee/Documents/MediaConverterApp/backend/node_modules/@smithy/core/dist-cjs/submodules/schema/index.js:26:24
    at /Users/ee/Documents/MediaConverterApp/backend/node_modules/@aws-sdk/lib-dynamodb/dist-cjs/index.js:107:34
    at /Users/ee/Documents/MediaConverterApp/backend/node_modules/@smithy/core/dist-cjs/index.js:121:20
    at /Users/ee/Documents/MediaConverterApp/backend/node_modules/@smithy/middleware-retry/dist-cjs/index.js:254:46
    at /Users/ee/Documents/MediaConverterApp/backend/node_modules/@aws-sdk/middleware-logger/dist-cjs/index.js:5:26
    at handler (/Users/ee/Documents/MediaConverterApp/backend/src/functions/convert/index.ts:45:17)
    at /Users/ee/Documents/MediaConverterApp/backend/src/dev-server.ts:54:22 {
  '$fault': 'client',
  '$retryable': undefined,
  '$metadata': {
    httpStatusCode: 400,
    requestId: 'N3QNE5BDD2G5IFNG5N1FFQVL47VV4KQNSO5AEMVJF66Q9ASUAAJG',
    extendedRequestId: undefined,
    cfId: undefined,
    attempts: 1,
    totalRetryDelay: 0
  },
  __type: 'com.amazonaws.dynamodb.v20120810#ResourceNotFoundException'
}
[INFO] 17:06:14 Restarting: /Users/ee/Documents/MediaConverterApp/backend/src/functions/convert/index.ts has been modified
[dotenv@17.3.1] injecting env (0) from .env -- tip: ⚙️  enable debug logging with { debug: true }
Development Server running on http://localhost:3000
Local Storage served at http://localhost:3000/files/
ResourceNotFoundException: Requested resource not found
    at AwsJson1_0Protocol.handleError (/Users/ee/Documents/MediaConverterApp/backend/node_modules/@aws-sdk/core/dist-cjs/submodules/protocols/index.js:773:27)
    at processTicksAndRejections (node:internal/process/task_queues:105:5)
    at AwsJson1_0Protocol.deserializeResponse (/Users/ee/Documents/MediaConverterApp/backend/node_modules/@smithy/core/dist-cjs/submodules/protocols/index.js:508:13)
    at /Users/ee/Documents/MediaConverterApp/backend/node_modules/@smithy/core/dist-cjs/submodules/schema/index.js:26:24
    at /Users/ee/Documents/MediaConverterApp/backend/node_modules/@aws-sdk/lib-dynamodb/dist-cjs/index.js:107:34
    at /Users/ee/Documents/MediaConverterApp/backend/node_modules/@smithy/core/dist-cjs/index.js:121:20
    at /Users/ee/Documents/MediaConverterApp/backend/node_modules/@smithy/middleware-retry/dist-cjs/index.js:254:46
    at /Users/ee/Documents/MediaConverterApp/backend/node_modules/@aws-sdk/middleware-logger/dist-cjs/index.js:5:26
    at handler (/Users/ee/Documents/MediaConverterApp/backend/src/functions/convert/index.ts:87:17)
    at /Users/ee/Documents/MediaConverterApp/backend/src/dev-server.ts:54:22 {
  '$fault': 'client',
  '$retryable': undefined,
  '$metadata': {
    httpStatusCode: 400,
    requestId: 'T8F81NNK2071BS2JR5FBNHLEI3VV4KQNSO5AEMVJF66Q9ASUAAJG',
    extendedRequestId: undefined,
    cfId: undefined,
    attempts: 1,
    totalRetryDelay: 0
  },
  __type: 'com.amazonaws.dynamodb.v20120810#ResourceNotFoundException'
}
[INFO] 17:06:41 Restarting: /Users/ee/Documents/MediaConverterApp/backend/src/functions/convert/index.ts has been modified
[dotenv@17.3.1] injecting env (0) from .env -- tip: 🛠️  run anywhere with `dotenvx run -- yourcommand`
Development Server running on http://localhost:3000
Local Storage served at http://localhost:3000/files/
ResourceNotFoundException: Requested resource not found
    at AwsJson1_0Protocol.handleError (/Users/ee/Documents/MediaConverterApp/backend/node_modules/@aws-sdk/core/dist-cjs/submodules/protocols/index.js:773:27)
    at processTicksAndRejections (node:internal/process/task_queues:105:5)
    at AwsJson1_0Protocol.deserializeResponse (/Users/ee/Documents/MediaConverterApp/backend/node_modules/@smithy/core/dist-cjs/submodules/protocols/index.js:508:13)
    at /Users/ee/Documents/MediaConverterApp/backend/node_modules/@smithy/core/dist-cjs/submodules/schema/index.js:26:24
    at /Users/ee/Documents/MediaConverterApp/backend/node_modules/@aws-sdk/lib-dynamodb/dist-cjs/index.js:107:34
    at /Users/ee/Documents/MediaConverterApp/backend/node_modules/@smithy/core/dist-cjs/index.js:121:20
    at /Users/ee/Documents/MediaConverterApp/backend/node_modules/@smithy/middleware-retry/dist-cjs/index.js:254:46
    at /Users/ee/Documents/MediaConverterApp/backend/node_modules/@aws-sdk/middleware-logger/dist-cjs/index.js:5:26
    at handler (/Users/ee/Documents/MediaConverterApp/backend/src/functions/convert/index.ts:87:17)
    at /Users/ee/Documents/MediaConverterApp/backend/src/dev-server.ts:54:22 {
  '$fault': 'client',
  '$retryable': undefined,
  '$metadata': {
    httpStatusCode: 400,
    requestId: 'CHPDEMVE5OTBST629BE9BMGRONVV4KQNSO5AEMVJF66Q9ASUAAJG',
    extendedRequestId: undefined,
    cfId: undefined,
    attempts: 1,
    totalRetryDelay: 0
  },
  __type: 'com.amazonaws.dynamodb.v20120810#ResourceNotFoundException'
}
[INFO] 17:07:20 Restarting: /Users/ee/Documents/MediaConverterApp/backend/src/functions/convert/index.ts has been modified
[dotenv@17.3.1] injecting env (0) from .env -- tip: ⚙️  suppress all logs with { quiet: true }
Development Server running on http://localhost:3000
Local Storage served at http://localhost:3000/files/
ResourceNotFoundException: Requested resource not found
    at AwsJson1_0Protocol.handleError (/Users/ee/Documents/MediaConverterApp/backend/node_modules/@aws-sdk/core/dist-cjs/submodules/protocols/index.js:773:27)
    at processTicksAndRejections (node:internal/process/task_queues:105:5)
    at AwsJson1_0Protocol.deserializeResponse (/Users/ee/Documents/MediaConverterApp/backend/node_modules/@smithy/core/dist-cjs/submodules/protocols/index.js:508:13)
    at /Users/ee/Documents/MediaConverterApp/backend/node_modules/@smithy/core/dist-cjs/submodules/schema/index.js:26:24
    at /Users/ee/Documents/MediaConverterApp/backend/node_modules/@aws-sdk/lib-dynamodb/dist-cjs/index.js:107:34
    at /Users/ee/Documents/MediaConverterApp/backend/node_modules/@smithy/core/dist-cjs/index.js:121:20
    at /Users/ee/Documents/MediaConverterApp/backend/node_modules/@smithy/middleware-retry/dist-cjs/index.js:254:46
    at /Users/ee/Documents/MediaConverterApp/backend/node_modules/@aws-sdk/middleware-logger/dist-cjs/index.js:5:26
    at handler (/Users/ee/Documents/MediaConverterApp/backend/src/functions/convert/index.ts:87:17)
    at /Users/ee/Documents/MediaConverterApp/backend/src/dev-server.ts:54:22 {
  '$fault': 'client',
  '$retryable': undefined,
  '$metadata': {
    httpStatusCode: 400,
    requestId: '1N1VTQKB0OKA3IOUF137EG0A5VVV4KQNSO5AEMVJF66Q9ASUAAJG',
    extendedRequestId: undefined,
    cfId: undefined,
    attempts: 1,
    totalRetryDelay: 0
  },
  __type: 'com.amazonaws.dynamodb.v20120810#ResourceNotFoundException'
}
[INFO] 17:08:00 Restarting: /Users/ee/Documents/MediaConverterApp/backend/src/functions/convert/index.ts has been modified
[dotenv@17.3.1] injecting env (0) from .env -- tip: ⚙️  specify custom .env file path with { path: '/custom/path/.env' }
Development Server running on http://localhost:3000
Local Storage served at http://localhost:3000/files/
Local mock dynamo failure ignored ResourceNotFoundException: Requested resource not found
    at AwsJson1_0Protocol.handleError (/Users/ee/Documents/MediaConverterApp/backend/node_modules/@aws-sdk/core/dist-cjs/submodules/protocols/index.js:773:27)
    at processTicksAndRejections (node:internal/process/task_queues:105:5)
    at AwsJson1_0Protocol.deserializeResponse (/Users/ee/Documents/MediaConverterApp/backend/node_modules/@smithy/core/dist-cjs/submodules/protocols/index.js:508:13)
    at /Users/ee/Documents/MediaConverterApp/backend/node_modules/@smithy/core/dist-cjs/submodules/schema/index.js:26:24
    at /Users/ee/Documents/MediaConverterApp/backend/node_modules/@aws-sdk/lib-dynamodb/dist-cjs/index.js:107:34
    at /Users/ee/Documents/MediaConverterApp/backend/node_modules/@smithy/core/dist-cjs/index.js:121:20
    at /Users/ee/Documents/MediaConverterApp/backend/node_modules/@smithy/middleware-retry/dist-cjs/index.js:254:46
    at /Users/ee/Documents/MediaConverterApp/backend/node_modules/@aws-sdk/middleware-logger/dist-cjs/index.js:5:26
    at handler (/Users/ee/Documents/MediaConverterApp/backend/src/functions/convert/index.ts:88:21)
    at /Users/ee/Documents/MediaConverterApp/backend/src/dev-server.ts:54:22 {
  '$fault': 'client',
  '$retryable': undefined,
  '$metadata': {
    httpStatusCode: 400,
    requestId: 'TSIKP1QDJ82F5JGCD46OF9P2O7VV4KQNSO5AEMVJF66Q9ASUAAJG',
    extendedRequestId: undefined,
    cfId: undefined,
    attempts: 1,
    totalRetryDelay: 0
  },
  __type: 'com.amazonaws.dynamodb.v20120810#ResourceNotFoundException'
}
[Local DEV] HLS Generation complete for demo-output
